PING 192.168.10.56 (192.168.10.56): 56 data bytes
Request timeout for icmp_seq 0
Request timeout for icmp_seq 1
Request timeout for icmp_seq 2
Request timeout for icmp_seq 3
Request timeout for icmp_seq 4
Request timeout for icmp_seq 5
Request timeout for icmp_seq 6
Request timeout for icmp_seq 7
Request timeout for icmp_seq 8
Request timeout for icmp_seq 9
Request timeout for icmp_seq 10
Request timeout for icmp_seq 11
Request timeout for icmp_seq 12
Request timeout for icmp_seq 13
Request timeout for icmp_seq 14
Request timeout for icmp_seq 15
Request timeout for icmp_seq 16
Request timeout for icmp_seq 17
Request timeout for icmp_seq 18
Request timeout for icmp_seq 19
Request timeout for icmp_seq 20
Request timeout for icmp_seq 21
Request timeout for icmp_seq 22
Request timeout for icmp_seq 23
Request timeout for icmp_seq 24
Request timeout for icmp_seq 25
Request timeout for icmp_seq 26
Request timeout for icmp_seq 27
Request timeout for icmp_seq 28
Request timeout for icmp_seq 29
Request timeout for icmp_seq 30
Request timeout for icmp_seq 31
Request timeout for icmp_seq 32
Request timeout for icmp_seq 33
Request timeout for icmp_seq 34
Request timeout for icmp_seq 35
Request timeout for icmp_seq 36
Request timeout for icmp_seq 37
Request timeout for icmp_seq 38
Request timeout for icmp_seq 39
Request timeout for icmp_seq 40
Request timeout for icmp_seq 41
Request timeout for icmp_seq 42
Request timeout for icmp_seq 43
Request timeout for icmp_seq 44
Request timeout for icmp_seq 45
Request timeout for icmp_seq 46
Request timeout for icmp_seq 47
Request timeout for icmp_seq 48
Request timeout for icmp_seq 49
Request timeout for icmp_seq 50
Request timeout for icmp_seq 51
Request timeout for icmp_seq 52
Request timeout for icmp_seq 53
Request timeout for icmp_seq 54
Request timeout for icmp_seq 55
Request timeout for icmp_seq 56
Request timeout for icmp_seq 57
Request timeout for icmp_seq 58
Request timeout for icmp_seq 59
Request timeout for icmp_seq 60
Request timeout for icmp_seq 61
Request timeout for icmp_seq 62
Request timeout for icmp_seq 63
Request timeout for icmp_seq 64
Request timeout for icmp_seq 65
Request timeout for icmp_seq 66
Request timeout for icmp_seq 67
Request timeout for icmp_seq 68
Request timeout for icmp_seq 69
Request timeout for icmp_seq 70
Request timeout for icmp_seq 71
Request timeout for icmp_seq 72
Request timeout for icmp_seq 73
Request timeout for icmp_seq 74
Request timeout for icmp_seq 75
Request timeout for icmp_seq 76
Request timeout for icmp_seq 77
Request timeout for icmp_seq 78
Request timeout for icmp_seq 79
Request timeout for icmp_seq 80
Request timeout for icmp_seq 81
Request timeout for icmp_seq 82
Request timeout for icmp_seq 83
Request timeout for icmp_seq 84
Request timeout for icmp_seq 85
Request timeout for icmp_seq 86
Request timeout for icmp_seq 87
Request timeout for icmp_seq 88
Request timeout for icmp_seq 89
Request timeout for icmp_seq 90
Request timeout for icmp_seq 91
Request timeout for icmp_seq 92
Request timeout for icmp_seq 93
Request timeout for icmp_seq 94
Request timeout for icmp_seq 95
Request timeout for icmp_seq 96
Request timeout for icmp_seq 97
Request timeout for icmp_seq 98
Request timeout for icmp_seq 99
Request timeout for icmp_seq 100
Request timeout for icmp_seq 101
Request timeout for icmp_seq 102
Request timeout for icmp_seq 103
Request timeout for icmp_seq 104
Request timeout for icmp_seq 105
Request timeout for icmp_seq 106
Request timeout for icmp_seq 107
Request timeout for icmp_seq 108
Request timeout for icmp_seq 109
Request timeout for icmp_seq 110
Request timeout for icmp_seq 111
Request timeout for icmp_seq 112
Request timeout for icmp_seq 113
Request timeout for icmp_seq 114
Request timeout for icmp_seq 115
Request timeout for icmp_seq 116
Request timeout for icmp_seq 117
Request timeout for icmp_seq 118
Request timeout for icmp_seq 119
Request timeout for icmp_seq 120
Request timeout for icmp_seq 121
Request timeout for icmp_seq 122
Request timeout for icmp_seq 123
Request timeout for icmp_seq 124
Request timeout for icmp_seq 125
Request timeout for icmp_seq 126
Request timeout for icmp_seq 127
Request timeout for icmp_seq 128
Request timeout for icmp_seq 129
Request timeout for icmp_seq 130
Request timeout for icmp_seq 131
Request timeout for icmp_seq 132
Request timeout for icmp_seq 133
Request timeout for icmp_seq 134
Request timeout for icmp_seq 135
Request timeout for icmp_seq 136
Request timeout for icmp_seq 137
Request timeout for icmp_seq 138
Request timeout for icmp_seq 139
Request timeout for icmp_seq 140
Request timeout for icmp_seq 141
Request timeout for icmp_seq 142
Request timeout for icmp_seq 143
Request timeout for icmp_seq 144
Request timeout for icmp_seq 145
Request timeout for icmp_seq 146
Request timeout for icmp_seq 147
Request timeout for icmp_seq 148
Request timeout for icmp_seq 149
Request timeout for icmp_seq 150
Request timeout for icmp_seq 151
Request timeout for icmp_seq 152
Request timeout for icmp_seq 153
Request timeout for icmp_seq 154
Request timeout for icmp_seq 155
Request timeout for icmp_seq 156
Request timeout for icmp_seq 157
Request timeout for icmp_seq 158
Request timeout for icmp_seq 159
Request timeout for icmp_seq 160
Request timeout for icmp_seq 161
Request timeout for icmp_seq 162
Request timeout for icmp_seq 163
Request timeout for icmp_seq 164
Request timeout for icmp_seq 165
Request timeout for icmp_seq 166
Request timeout for icmp_seq 167
36 bytes from 172.18.136.166: Destination Net Unreachable
Vr HL TOS  Len   ID Flg  off TTL Pro  cks      Src      Dst
 4  5  00 5400 2d50   0 0000  3a  01 4c69 192.168.123.103  192.168.10.56 

Request timeout for icmp_seq 168
Request timeout for icmp_seq 169
Request timeout for icmp_seq 170
Request timeout for icmp_seq 171
Request timeout for icmp_seq 172
Request timeout for icmp_seq 173
Request timeout for icmp_seq 174
Request timeout for icmp_seq 175
Request timeout for icmp_seq 176
Request timeout for icmp_seq 177
Request timeout for icmp_seq 178
Request timeout for icmp_seq 179
Request timeout for icmp_seq 180
Request timeout for icmp_seq 181
Request timeout for icmp_seq 182
Request timeout for icmp_seq 183
Request timeout for icmp_seq 184
Request timeout for icmp_seq 185
Request timeout for icmp_seq 186
Request timeout for icmp_seq 187
Request timeout for icmp_seq 188
Request timeout for icmp_seq 189
Request timeout for icmp_seq 190
Request timeout for icmp_seq 191
Request timeout for icmp_seq 192
Request timeout for icmp_seq 193
Request timeout for icmp_seq 194
Request timeout for icmp_seq 195
Request timeout for icmp_seq 196
Request timeout for icmp_seq 197
Request timeout for icmp_seq 198
Request timeout for icmp_seq 199
Request timeout for icmp_seq 200
Request timeout for icmp_seq 201
Request timeout for icmp_seq 202
Request timeout for icmp_seq 203
Request timeout for icmp_seq 204
Request timeout for icmp_seq 205
Request timeout for icmp_seq 206
Request timeout for icmp_seq 207
Request timeout for icmp_seq 208
Request timeout for icmp_seq 209
Request timeout for icmp_seq 210
Request timeout for icmp_seq 211
Request timeout for icmp_seq 212
Request timeout for icmp_seq 213
Request timeout for icmp_seq 214
Request timeout for icmp_seq 215
Request timeout for icmp_seq 216
Request timeout for icmp_seq 217
Request timeout for icmp_seq 218
Request timeout for icmp_seq 219
Request timeout for icmp_seq 220
Request timeout for icmp_seq 221
Request timeout for icmp_seq 222
Request timeout for icmp_seq 223
Request timeout for icmp_seq 224
Request timeout for icmp_seq 225
Request timeout for icmp_seq 226
Request timeout for icmp_seq 227
Request timeout for icmp_seq 228
Request timeout for icmp_seq 229
Request timeout for icmp_seq 230
Request timeout for icmp_seq 231
Request timeout for icmp_seq 232
Request timeout for icmp_seq 233
Request timeout for icmp_seq 234
Request timeout for icmp_seq 235
Request timeout for icmp_seq 236
Request timeout for icmp_seq 237
Request timeout for icmp_seq 238
Request timeout for icmp_seq 239
Request timeout for icmp_seq 240
Request timeout for icmp_seq 241
Request timeout for icmp_seq 242
Request timeout for icmp_seq 243
Request timeout for icmp_seq 244
Request timeout for icmp_seq 245
Request timeout for icmp_seq 246
Request timeout for icmp_seq 247
Request timeout for icmp_seq 248
Request timeout for icmp_seq 249
Request timeout for icmp_seq 250
Request timeout for icmp_seq 251
Request timeout for icmp_seq 252
Request timeout for icmp_seq 253
Request timeout for icmp_seq 254
Request timeout for icmp_seq 255
Request timeout for icmp_seq 256
Request timeout for icmp_seq 257
Request timeout for icmp_seq 258
Request timeout for icmp_seq 259
Request timeout for icmp_seq 260
Request timeout for icmp_seq 261
Request timeout for icmp_seq 262
Request timeout for icmp_seq 263
Request timeout for icmp_seq 264
Request timeout for icmp_seq 265
Request timeout for icmp_seq 266
Request timeout for icmp_seq 267
Request timeout for icmp_seq 268
Request timeout for icmp_seq 269
Request timeout for icmp_seq 270
Request timeout for icmp_seq 271
Request timeout for icmp_seq 272
Request timeout for icmp_seq 273
Request timeout for icmp_seq 274
Request timeout for icmp_seq 275
Request timeout for icmp_seq 276
Request timeout for icmp_seq 277
Request timeout for icmp_seq 278
Request timeout for icmp_seq 279
Request timeout for icmp_seq 280
Request timeout for icmp_seq 281
Request timeout for icmp_seq 282
Request timeout for icmp_seq 283
Request timeout for icmp_seq 284
Request timeout for icmp_seq 285
Request timeout for icmp_seq 286
Request timeout for icmp_seq 287
Request timeout for icmp_seq 288
Request timeout for icmp_seq 289
Request timeout for icmp_seq 290
Request timeout for icmp_seq 291
Request timeout for icmp_seq 292
Request timeout for icmp_seq 293
Request timeout for icmp_seq 294
Request timeout for icmp_seq 295
Request timeout for icmp_seq 296
Request timeout for icmp_seq 297
Request timeout for icmp_seq 298
Request timeout for icmp_seq 299
Request timeout for icmp_seq 300
Request timeout for icmp_seq 301
Request timeout for icmp_seq 302
Request timeout for icmp_seq 303
Request timeout for icmp_seq 304
Request timeout for icmp_seq 305
Request timeout for icmp_seq 306
Request timeout for icmp_seq 307
Request timeout for icmp_seq 308
Request timeout for icmp_seq 309
Request timeout for icmp_seq 310
Request timeout for icmp_seq 311
Request timeout for icmp_seq 312
Request timeout for icmp_seq 313
Request timeout for icmp_seq 314
Request timeout for icmp_seq 315
Request timeout for icmp_seq 316
Request timeout for icmp_seq 317
Request timeout for icmp_seq 318
Request timeout for icmp_seq 319
Request timeout for icmp_seq 320
Request timeout for icmp_seq 321
Request timeout for icmp_seq 322
Request timeout for icmp_seq 323
Request timeout for icmp_seq 324
Request timeout for icmp_seq 325
Request timeout for icmp_seq 326
Request timeout for icmp_seq 327
Request timeout for icmp_seq 328
Request timeout for icmp_seq 329
Request timeout for icmp_seq 330
Request timeout for icmp_seq 331
Request timeout for icmp_seq 332
Request timeout for icmp_seq 333
Request timeout for icmp_seq 334
Request timeout for icmp_seq 335
Request timeout for icmp_seq 336
Request timeout for icmp_seq 337
Request timeout for icmp_seq 338
Request timeout for icmp_seq 339
Request timeout for icmp_seq 340
Request timeout for icmp_seq 341
Request timeout for icmp_seq 342
Request timeout for icmp_seq 343
Request timeout for icmp_seq 344
Request timeout for icmp_seq 345
Request timeout for icmp_seq 346
Request timeout for icmp_seq 347
Request timeout for icmp_seq 348
Request timeout for icmp_seq 349
Request timeout for icmp_seq 350
Request timeout for icmp_seq 351
Request timeout for icmp_seq 352
Request timeout for icmp_seq 353
Request timeout for icmp_seq 354
Request timeout for icmp_seq 355
Request timeout for icmp_seq 356
Request timeout for icmp_seq 357
Request timeout for icmp_seq 358
Request timeout for icmp_seq 359
Request timeout for icmp_seq 360
Request timeout for icmp_seq 361
Request timeout for icmp_seq 362
Request timeout for icmp_seq 363
Request timeout for icmp_seq 364
Request timeout for icmp_seq 365
Request timeout for icmp_seq 366
Request timeout for icmp_seq 367
Request timeout for icmp_seq 368
Request timeout for icmp_seq 369
Request timeout for icmp_seq 370
Request timeout for icmp_seq 371
Request timeout for icmp_seq 372
Request timeout for icmp_seq 373
Request timeout for icmp_seq 374
Request timeout for icmp_seq 375
Request timeout for icmp_seq 376
Request timeout for icmp_seq 377
Request timeout for icmp_seq 378
Request timeout for icmp_seq 379
Request timeout for icmp_seq 380
Request timeout for icmp_seq 381
Request timeout for icmp_seq 382
Request timeout for icmp_seq 383
Request timeout for icmp_seq 384
Request timeout for icmp_seq 385
Request timeout for icmp_seq 386
Request timeout for icmp_seq 387
Request timeout for icmp_seq 388
Request timeout for icmp_seq 389
Request timeout for icmp_seq 390
Request timeout for icmp_seq 391
Request timeout for icmp_seq 392
Request timeout for icmp_seq 393
Request timeout for icmp_seq 394
Request timeout for icmp_seq 395
Request timeout for icmp_seq 396
Request timeout for icmp_seq 397
Request timeout for icmp_seq 398
Request timeout for icmp_seq 399
Request timeout for icmp_seq 400
Request timeout for icmp_seq 401
Request timeout for icmp_seq 402
Request timeout for icmp_seq 403
Request timeout for icmp_seq 404
Request timeout for icmp_seq 405
Request timeout for icmp_seq 406
Request timeout for icmp_seq 407
Request timeout for icmp_seq 408
Request timeout for icmp_seq 409
Request timeout for icmp_seq 410
Request timeout for icmp_seq 411
Request timeout for icmp_seq 412
Request timeout for icmp_seq 413
Request timeout for icmp_seq 414
Request timeout for icmp_seq 415
Request timeout for icmp_seq 416
Request timeout for icmp_seq 417
Request timeout for icmp_seq 418
Request timeout for icmp_seq 419
Request timeout for icmp_seq 420
Request timeout for icmp_seq 421
Request timeout for icmp_seq 422
Request timeout for icmp_seq 423
Request timeout for icmp_seq 424
Request timeout for icmp_seq 425
Request timeout for icmp_seq 426
Request timeout for icmp_seq 427
Request timeout for icmp_seq 428
Request timeout for icmp_seq 429
Request timeout for icmp_seq 430
Request timeout for icmp_seq 431
Request timeout for icmp_seq 432
Request timeout for icmp_seq 433
Request timeout for icmp_seq 434
Request timeout for icmp_seq 435
Request timeout for icmp_seq 436
Request timeout for icmp_seq 437
Request timeout for icmp_seq 438
Request timeout for icmp_seq 439
Request timeout for icmp_seq 440
Request timeout for icmp_seq 441
Request timeout for icmp_seq 442
Request timeout for icmp_seq 443
Request timeout for icmp_seq 444
Request timeout for icmp_seq 445
Request timeout for icmp_seq 446
Request timeout for icmp_seq 447
Request timeout for icmp_seq 448
Request timeout for icmp_seq 449
Request timeout for icmp_seq 450
Request timeout for icmp_seq 451
Request timeout for icmp_seq 452
Request timeout for icmp_seq 453
Request timeout for icmp_seq 454
Request timeout for icmp_seq 455
Request timeout for icmp_seq 456
Request timeout for icmp_seq 457
Request timeout for icmp_seq 458
Request timeout for icmp_seq 459
Request timeout for icmp_seq 460
Request timeout for icmp_seq 461
Request timeout for icmp_seq 462
Request timeout for icmp_seq 463
Request timeout for icmp_seq 464
Request timeout for icmp_seq 465
Request timeout for icmp_seq 466
Request timeout for icmp_seq 467
Request timeout for icmp_seq 468
Request timeout for icmp_seq 469
Request timeout for icmp_seq 470
Request timeout for icmp_seq 471
Request timeout for icmp_seq 472
Request timeout for icmp_seq 473
Request timeout for icmp_seq 474
Request timeout for icmp_seq 475
Request timeout for icmp_seq 476
Request timeout for icmp_seq 477
Request timeout for icmp_seq 478
Request timeout for icmp_seq 479
Request timeout for icmp_seq 480
Request timeout for icmp_seq 481
Request timeout for icmp_seq 482
Request timeout for icmp_seq 483
Request timeout for icmp_seq 484
Request timeout for icmp_seq 485
Request timeout for icmp_seq 486
Request timeout for icmp_seq 487
Request timeout for icmp_seq 488
Request timeout for icmp_seq 489
Request timeout for icmp_seq 490
Request timeout for icmp_seq 491
Request timeout for icmp_seq 492
Request timeout for icmp_seq 493
Request timeout for icmp_seq 494
Request timeout for icmp_seq 495
Request timeout for icmp_seq 496
Request timeout for icmp_seq 497
Request timeout for icmp_seq 498
Request timeout for icmp_seq 499
Request timeout for icmp_seq 500
Request timeout for icmp_seq 501
Request timeout for icmp_seq 502
Request timeout for icmp_seq 503
Request timeout for icmp_seq 504
Request timeout for icmp_seq 505
Request timeout for icmp_seq 506
Request timeout for icmp_seq 507
Request timeout for icmp_seq 508
Request timeout for icmp_seq 509
Request timeout for icmp_seq 510
Request timeout for icmp_seq 511
Request timeout for icmp_seq 512
Request timeout for icmp_seq 513
Request timeout for icmp_seq 514
Request timeout for icmp_seq 515
Request timeout for icmp_seq 516
Request timeout for icmp_seq 517
Request timeout for icmp_seq 518
Request timeout for icmp_seq 519
Request timeout for icmp_seq 520
Request timeout for icmp_seq 521
Request timeout for icmp_seq 522
Request timeout for icmp_seq 523
Request timeout for icmp_seq 524
Request timeout for icmp_seq 525
Request timeout for icmp_seq 526
Request timeout for icmp_seq 527
Request timeout for icmp_seq 528
Request timeout for icmp_seq 529
Request timeout for icmp_seq 530
Request timeout for icmp_seq 531
Request timeout for icmp_seq 532
Request timeout for icmp_seq 533
Request timeout for icmp_seq 534
Request timeout for icmp_seq 535
Request timeout for icmp_seq 536
Request timeout for icmp_seq 537
Request timeout for icmp_seq 538
Request timeout for icmp_seq 539
Request timeout for icmp_seq 540
Request timeout for icmp_seq 541
Request timeout for icmp_seq 542
Request timeout for icmp_seq 543
Request timeout for icmp_seq 544
Request timeout for icmp_seq 545
Request timeout for icmp_seq 546
Request timeout for icmp_seq 547
Request timeout for icmp_seq 548
Request timeout for icmp_seq 549
Request timeout for icmp_seq 550
Request timeout for icmp_seq 551
Request timeout for icmp_seq 552
Request timeout for icmp_seq 553
Request timeout for icmp_seq 554
Request timeout for icmp_seq 555
Request timeout for icmp_seq 556
Request timeout for icmp_seq 557
Request timeout for icmp_seq 558
Request timeout for icmp_seq 559
Request timeout for icmp_seq 560
Request timeout for icmp_seq 561
Request timeout for icmp_seq 562
Request timeout for icmp_seq 563
Request timeout for icmp_seq 564
Request timeout for icmp_seq 565
Request timeout for icmp_seq 566
Request timeout for icmp_seq 567
Request timeout for icmp_seq 568
Request timeout for icmp_seq 569
Request timeout for icmp_seq 570
Request timeout for icmp_seq 571
Request timeout for icmp_seq 572
Request timeout for icmp_seq 573
Request timeout for icmp_seq 574
Request timeout for icmp_seq 575
Request timeout for icmp_seq 576
Request timeout for icmp_seq 577
Request timeout for icmp_seq 578
Request timeout for icmp_seq 579
Request timeout for icmp_seq 580
Request timeout for icmp_seq 581
Request timeout for icmp_seq 582
Request timeout for icmp_seq 583
Request timeout for icmp_seq 584
Request timeout for icmp_seq 585
Request timeout for icmp_seq 586
Request timeout for icmp_seq 587
Request timeout for icmp_seq 588
Request timeout for icmp_seq 589
Request timeout for icmp_seq 590
Request timeout for icmp_seq 591
Request timeout for icmp_seq 592
Request timeout for icmp_seq 593
Request timeout for icmp_seq 594
Request timeout for icmp_seq 595
Request timeout for icmp_seq 596
Request timeout for icmp_seq 597
Request timeout for icmp_seq 598
Request timeout for icmp_seq 599
Request timeout for icmp_seq 600
Request timeout for icmp_seq 601
Request timeout for icmp_seq 602
Request timeout for icmp_seq 603
Request timeout for icmp_seq 604
Request timeout for icmp_seq 605
Request timeout for icmp_seq 606
Request timeout for icmp_seq 607
Request timeout for icmp_seq 608
Request timeout for icmp_seq 609
Request timeout for icmp_seq 610
Request timeout for icmp_seq 611
Request timeout for icmp_seq 612
Request timeout for icmp_seq 613
Request timeout for icmp_seq 614
Request timeout for icmp_seq 615
Request timeout for icmp_seq 616
Request timeout for icmp_seq 617
Request timeout for icmp_seq 618
Request timeout for icmp_seq 619
Request timeout for icmp_seq 620
Request timeout for icmp_seq 621
Request timeout for icmp_seq 622
Request timeout for icmp_seq 623
Request timeout for icmp_seq 624
Request timeout for icmp_seq 625
Request timeout for icmp_seq 626
Request timeout for icmp_seq 627
Request timeout for icmp_seq 628
Request timeout for icmp_seq 629
Request timeout for icmp_seq 630
Request timeout for icmp_seq 631
Request timeout for icmp_seq 632
Request timeout for icmp_seq 633
Request timeout for icmp_seq 634
Request timeout for icmp_seq 635
Request timeout for icmp_seq 636
Request timeout for icmp_seq 637
Request timeout for icmp_seq 638
Request timeout for icmp_seq 639
Request timeout for icmp_seq 640
Request timeout for icmp_seq 641
Request timeout for icmp_seq 642
Request timeout for icmp_seq 643
Request timeout for icmp_seq 644
Request timeout for icmp_seq 645
Request timeout for icmp_seq 646
Request timeout for icmp_seq 647
Request timeout for icmp_seq 648
Request timeout for icmp_seq 649
Request timeout for icmp_seq 650
Request timeout for icmp_seq 651
Request timeout for icmp_seq 652
Request timeout for icmp_seq 653
Request timeout for icmp_seq 654
Request timeout for icmp_seq 655
Request timeout for icmp_seq 656
Request timeout for icmp_seq 657
Request timeout for icmp_seq 658
Request timeout for icmp_seq 659
Request timeout for icmp_seq 660
Request timeout for icmp_seq 661
Request timeout for icmp_seq 662
Request timeout for icmp_seq 663
Request timeout for icmp_seq 664
Request timeout for icmp_seq 665
Request timeout for icmp_seq 666
Request timeout for icmp_seq 667
Request timeout for icmp_seq 668
Request timeout for icmp_seq 669
Request timeout for icmp_seq 670
Request timeout for icmp_seq 671
Request timeout for icmp_seq 672
Request timeout for icmp_seq 673
Request timeout for icmp_seq 674
Request timeout for icmp_seq 675
Request timeout for icmp_seq 676
Request timeout for icmp_seq 677
Request timeout for icmp_seq 678
Request timeout for icmp_seq 679
Request timeout for icmp_seq 680
Request timeout for icmp_seq 681
Request timeout for icmp_seq 682
Request timeout for icmp_seq 683
Request timeout for icmp_seq 684
Request timeout for icmp_seq 685
Request timeout for icmp_seq 686
Request timeout for icmp_seq 687
Request timeout for icmp_seq 688
Request timeout for icmp_seq 689
Request timeout for icmp_seq 690
Request timeout for icmp_seq 691
Request timeout for icmp_seq 692
Request timeout for icmp_seq 693
Request timeout for icmp_seq 694
Request timeout for icmp_seq 695
Request timeout for icmp_seq 696
Request timeout for icmp_seq 697
Request timeout for icmp_seq 698
Request timeout for icmp_seq 699
Request timeout for icmp_seq 700
Request timeout for icmp_seq 701
Request timeout for icmp_seq 702
Request timeout for icmp_seq 703
Request timeout for icmp_seq 704
Request timeout for icmp_seq 705
Request timeout for icmp_seq 706
Request timeout for icmp_seq 707
Request timeout for icmp_seq 708
Request timeout for icmp_seq 709
Request timeout for icmp_seq 710
Request timeout for icmp_seq 711
Request timeout for icmp_seq 712
Request timeout for icmp_seq 713
Request timeout for icmp_seq 714
Request timeout for icmp_seq 715
Request timeout for icmp_seq 716
Request timeout for icmp_seq 717
Request timeout for icmp_seq 718
Request timeout for icmp_seq 719
Request timeout for icmp_seq 720
Request timeout for icmp_seq 721
Request timeout for icmp_seq 722
Request timeout for icmp_seq 723
Request timeout for icmp_seq 724
Request timeout for icmp_seq 725
Request timeout for icmp_seq 726
Request timeout for icmp_seq 727
Request timeout for icmp_seq 728
Request timeout for icmp_seq 729
Request timeout for icmp_seq 730
Request timeout for icmp_seq 731
Request timeout for icmp_seq 732
Request timeout for icmp_seq 733
Request timeout for icmp_seq 734
Request timeout for icmp_seq 735
Request timeout for icmp_seq 736
Request timeout for icmp_seq 737
Request timeout for icmp_seq 738
Request timeout for icmp_seq 739
Request timeout for icmp_seq 740
Request timeout for icmp_seq 741
Request timeout for icmp_seq 742
Request timeout for icmp_seq 743
Request timeout for icmp_seq 744
Request timeout for icmp_seq 745
Request timeout for icmp_seq 746
Request timeout for icmp_seq 747
Request timeout for icmp_seq 748
Request timeout for icmp_seq 749
Request timeout for icmp_seq 750
Request timeout for icmp_seq 751
Request timeout for icmp_seq 752
Request timeout for icmp_seq 753
Request timeout for icmp_seq 754
Request timeout for icmp_seq 755
Request timeout for icmp_seq 756
Request timeout for icmp_seq 757
Request timeout for icmp_seq 758
Request timeout for icmp_seq 759
Request timeout for icmp_seq 760
Request timeout for icmp_seq 761
Request timeout for icmp_seq 762
Request timeout for icmp_seq 763
Request timeout for icmp_seq 764
Request timeout for icmp_seq 765
Request timeout for icmp_seq 766
Request timeout for icmp_seq 767
Request timeout for icmp_seq 768
Request timeout for icmp_seq 769
Request timeout for icmp_seq 770
Request timeout for icmp_seq 771
Request timeout for icmp_seq 772
Request timeout for icmp_seq 773
Request timeout for icmp_seq 774
Request timeout for icmp_seq 775
Request timeout for icmp_seq 776
Request timeout for icmp_seq 777
Request timeout for icmp_seq 778
Request timeout for icmp_seq 779
Request timeout for icmp_seq 780
Request timeout for icmp_seq 781
Request timeout for icmp_seq 782
Request timeout for icmp_seq 783
Request timeout for icmp_seq 784
Request timeout for icmp_seq 785
Request timeout for icmp_seq 786
Request timeout for icmp_seq 787
Request timeout for icmp_seq 788
Request timeout for icmp_seq 789
Request timeout for icmp_seq 790
Request timeout for icmp_seq 791
Request timeout for icmp_seq 792
Request timeout for icmp_seq 793
Request timeout for icmp_seq 794
Request timeout for icmp_seq 795
Request timeout for icmp_seq 796
Request timeout for icmp_seq 797
Request timeout for icmp_seq 798
Request timeout for icmp_seq 799
Request timeout for icmp_seq 800
Request timeout for icmp_seq 801
Request timeout for icmp_seq 802
Request timeout for icmp_seq 803
Request timeout for icmp_seq 804
Request timeout for icmp_seq 805
Request timeout for icmp_seq 806
Request timeout for icmp_seq 807
Request timeout for icmp_seq 808
Request timeout for icmp_seq 809
Request timeout for icmp_seq 810
Request timeout for icmp_seq 811
Request timeout for icmp_seq 812
Request timeout for icmp_seq 813
Request timeout for icmp_seq 814
Request timeout for icmp_seq 815
Request timeout for icmp_seq 816
Request timeout for icmp_seq 817
Request timeout for icmp_seq 818
Request timeout for icmp_seq 819
Request timeout for icmp_seq 820
Request timeout for icmp_seq 821
Request timeout for icmp_seq 822
Request timeout for icmp_seq 823
Request timeout for icmp_seq 824
Request timeout for icmp_seq 825
Request timeout for icmp_seq 826
Request timeout for icmp_seq 827
Request timeout for icmp_seq 828
Request timeout for icmp_seq 829
Request timeout for icmp_seq 830
Request timeout for icmp_seq 831
Request timeout for icmp_seq 832
Request timeout for icmp_seq 833
Request timeout for icmp_seq 834
Request timeout for icmp_seq 835
Request timeout for icmp_seq 836
Request timeout for icmp_seq 837
Request timeout for icmp_seq 838
Request timeout for icmp_seq 839
Request timeout for icmp_seq 840
Request timeout for icmp_seq 841
Request timeout for icmp_seq 842
Request timeout for icmp_seq 843
Request timeout for icmp_seq 844
Request timeout for icmp_seq 845
Request timeout for icmp_seq 846
Request timeout for icmp_seq 847
Request timeout for icmp_seq 848
Request timeout for icmp_seq 849
Request timeout for icmp_seq 850
Request timeout for icmp_seq 851
Request timeout for icmp_seq 852
Request timeout for icmp_seq 853
Request timeout for icmp_seq 854
Request timeout for icmp_seq 855
Request timeout for icmp_seq 856
Request timeout for icmp_seq 857
Request timeout for icmp_seq 858
Request timeout for icmp_seq 859
Request timeout for icmp_seq 860
Request timeout for icmp_seq 861
Request timeout for icmp_seq 862
Request timeout for icmp_seq 863
Request timeout for icmp_seq 864
Request timeout for icmp_seq 865
Request timeout for icmp_seq 866
Request timeout for icmp_seq 867
Request timeout for icmp_seq 868
Request timeout for icmp_seq 869
Request timeout for icmp_seq 870
Request timeout for icmp_seq 871
Request timeout for icmp_seq 872
Request timeout for icmp_seq 873
Request timeout for icmp_seq 874
Request timeout for icmp_seq 875
Request timeout for icmp_seq 876
Request timeout for icmp_seq 877
Request timeout for icmp_seq 878
Request timeout for icmp_seq 879
Request timeout for icmp_seq 880
Request timeout for icmp_seq 881
Request timeout for icmp_seq 882
Request timeout for icmp_seq 883
Request timeout for icmp_seq 884
Request timeout for icmp_seq 885
Request timeout for icmp_seq 886
Request timeout for icmp_seq 887
Request timeout for icmp_seq 888
Request timeout for icmp_seq 889
Request timeout for icmp_seq 890
Request timeout for icmp_seq 891
Request timeout for icmp_seq 892
Request timeout for icmp_seq 893
Request timeout for icmp_seq 894
Request timeout for icmp_seq 895
Request timeout for icmp_seq 896
Request timeout for icmp_seq 897
Request timeout for icmp_seq 898
Request timeout for icmp_seq 899
Request timeout for icmp_seq 900
Request timeout for icmp_seq 901
Request timeout for icmp_seq 902
Request timeout for icmp_seq 903
Request timeout for icmp_seq 904
Request timeout for icmp_seq 905
Request timeout for icmp_seq 906
Request timeout for icmp_seq 907
Request timeout for icmp_seq 908
Request timeout for icmp_seq 909
Request timeout for icmp_seq 910
Request timeout for icmp_seq 911
Request timeout for icmp_seq 912
Request timeout for icmp_seq 913
Request timeout for icmp_seq 914
Request timeout for icmp_seq 915
Request timeout for icmp_seq 916
Request timeout for icmp_seq 917
Request timeout for icmp_seq 918
Request timeout for icmp_seq 919
Request timeout for icmp_seq 920
Request timeout for icmp_seq 921
Request timeout for icmp_seq 922
Request timeout for icmp_seq 923
Request timeout for icmp_seq 924
Request timeout for icmp_seq 925
Request timeout for icmp_seq 926
Request timeout for icmp_seq 927
Request timeout for icmp_seq 928
Request timeout for icmp_seq 929
Request timeout for icmp_seq 930
Request timeout for icmp_seq 931
Request timeout for icmp_seq 932
Request timeout for icmp_seq 933
Request timeout for icmp_seq 934
Request timeout for icmp_seq 935
Request timeout for icmp_seq 936
Request timeout for icmp_seq 937
Request timeout for icmp_seq 938
Request timeout for icmp_seq 939
Request timeout for icmp_seq 940
Request timeout for icmp_seq 941
Request timeout for icmp_seq 942
Request timeout for icmp_seq 943
Request timeout for icmp_seq 944
Request timeout for icmp_seq 945
Request timeout for icmp_seq 946
Request timeout for icmp_seq 947
Request timeout for icmp_seq 948
Request timeout for icmp_seq 949
Request timeout for icmp_seq 950
Request timeout for icmp_seq 951
Request timeout for icmp_seq 952
Request timeout for icmp_seq 953
Request timeout for icmp_seq 954
Request timeout for icmp_seq 955
Request timeout for icmp_seq 956
Request timeout for icmp_seq 957
Request timeout for icmp_seq 958
Request timeout for icmp_seq 959
Request timeout for icmp_seq 960
Request timeout for icmp_seq 961
Request timeout for icmp_seq 962
Request timeout for icmp_seq 963
Request timeout for icmp_seq 964
Request timeout for icmp_seq 965
Request timeout for icmp_seq 966
Request timeout for icmp_seq 967
Request timeout for icmp_seq 968
Request timeout for icmp_seq 969
Request timeout for icmp_seq 970
Request timeout for icmp_seq 971
Request timeout for icmp_seq 972
Request timeout for icmp_seq 973
Request timeout for icmp_seq 974
Request timeout for icmp_seq 975
Request timeout for icmp_seq 976
Request timeout for icmp_seq 977
Request timeout for icmp_seq 978
Request timeout for icmp_seq 979
Request timeout for icmp_seq 980
Request timeout for icmp_seq 981
Request timeout for icmp_seq 982
Request timeout for icmp_seq 983
Request timeout for icmp_seq 984
Request timeout for icmp_seq 985
Request timeout for icmp_seq 986
Request timeout for icmp_seq 987
Request timeout for icmp_seq 988
Request timeout for icmp_seq 989
Request timeout for icmp_seq 990
Request timeout for icmp_seq 991
Request timeout for icmp_seq 992
Request timeout for icmp_seq 993
Request timeout for icmp_seq 994
Request timeout for icmp_seq 995
Request timeout for icmp_seq 996
Request timeout for icmp_seq 997
Request timeout for icmp_seq 998
Request timeout for icmp_seq 999
Request timeout for icmp_seq 1000
Request timeout for icmp_seq 1001
Request timeout for icmp_seq 1002
Request timeout for icmp_seq 1003
Request timeout for icmp_seq 1004
Request timeout for icmp_seq 1005
Request timeout for icmp_seq 1006
Request timeout for icmp_seq 1007
Request timeout for icmp_seq 1008
Request timeout for icmp_seq 1009
Request timeout for icmp_seq 1010
Request timeout for icmp_seq 1011
Request timeout for icmp_seq 1012
Request timeout for icmp_seq 1013
Request timeout for icmp_seq 1014
Request timeout for icmp_seq 1015
Request timeout for icmp_seq 1016
Request timeout for icmp_seq 1017
Request timeout for icmp_seq 1018
Request timeout for icmp_seq 1019
Request timeout for icmp_seq 1020
Request timeout for icmp_seq 1021
Request timeout for icmp_seq 1022
Request timeout for icmp_seq 1023
Request timeout for icmp_seq 1024
Request timeout for icmp_seq 1025
Request timeout for icmp_seq 1026
Request timeout for icmp_seq 1027
Request timeout for icmp_seq 1028
Request timeout for icmp_seq 1029
Request timeout for icmp_seq 1030
Request timeout for icmp_seq 1031
Request timeout for icmp_seq 1032
Request timeout for icmp_seq 1033
Request timeout for icmp_seq 1034
Request timeout for icmp_seq 1035
Request timeout for icmp_seq 1036
Request timeout for icmp_seq 1037
Request timeout for icmp_seq 1038
Request timeout for icmp_seq 1039
Request timeout for icmp_seq 1040
Request timeout for icmp_seq 1041
Request timeout for icmp_seq 1042
Request timeout for icmp_seq 1043
Request timeout for icmp_seq 1044
Request timeout for icmp_seq 1045
Request timeout for icmp_seq 1046
Request timeout for icmp_seq 1047
Request timeout for icmp_seq 1048
Request timeout for icmp_seq 1049
Request timeout for icmp_seq 1050
Request timeout for icmp_seq 1051
Request timeout for icmp_seq 1052
Request timeout for icmp_seq 1053
Request timeout for icmp_seq 1054
Request timeout for icmp_seq 1055
Request timeout for icmp_seq 1056
Request timeout for icmp_seq 1057
Request timeout for icmp_seq 1058
Request timeout for icmp_seq 1059
Request timeout for icmp_seq 1060
Request timeout for icmp_seq 1061
Request timeout for icmp_seq 1062
Request timeout for icmp_seq 1063
Request timeout for icmp_seq 1064
Request timeout for icmp_seq 1065
Request timeout for icmp_seq 1066
Request timeout for icmp_seq 1067
Request timeout for icmp_seq 1068
Request timeout for icmp_seq 1069
Request timeout for icmp_seq 1070
Request timeout for icmp_seq 1071
Request timeout for icmp_seq 1072
Request timeout for icmp_seq 1073
Request timeout for icmp_seq 1074
Request timeout for icmp_seq 1075
Request timeout for icmp_seq 1076
Request timeout for icmp_seq 1077
Request timeout for icmp_seq 1078
Request timeout for icmp_seq 1079
Request timeout for icmp_seq 1080
Request timeout for icmp_seq 1081
Request timeout for icmp_seq 1082
Request timeout for icmp_seq 1083
Request timeout for icmp_seq 1084
Request timeout for icmp_seq 1085
Request timeout for icmp_seq 1086
Request timeout for icmp_seq 1087
Request timeout for icmp_seq 1088
Request timeout for icmp_seq 1089
Request timeout for icmp_seq 1090
Request timeout for icmp_seq 1091
Request timeout for icmp_seq 1092
Request timeout for icmp_seq 1093
Request timeout for icmp_seq 1094
Request timeout for icmp_seq 1095
Request timeout for icmp_seq 1096
Request timeout for icmp_seq 1097
Request timeout for icmp_seq 1098
Request timeout for icmp_seq 1099
Request timeout for icmp_seq 1100
Request timeout for icmp_seq 1101
Request timeout for icmp_seq 1102
Request timeout for icmp_seq 1103
Request timeout for icmp_seq 1104
Request timeout for icmp_seq 1105
Request timeout for icmp_seq 1106
Request timeout for icmp_seq 1107
Request timeout for icmp_seq 1108
Request timeout for icmp_seq 1109
Request timeout for icmp_seq 1110
Request timeout for icmp_seq 1111
Request timeout for icmp_seq 1112
Request timeout for icmp_seq 1113
Request timeout for icmp_seq 1114
Request timeout for icmp_seq 1115
Request timeout for icmp_seq 1116
Request timeout for icmp_seq 1117
Request timeout for icmp_seq 1118
Request timeout for icmp_seq 1119
Request timeout for icmp_seq 1120
Request timeout for icmp_seq 1121
Request timeout for icmp_seq 1122
Request timeout for icmp_seq 1123
Request timeout for icmp_seq 1124
Request timeout for icmp_seq 1125
Request timeout for icmp_seq 1126
Request timeout for icmp_seq 1127
Request timeout for icmp_seq 1128
Request timeout for icmp_seq 1129
Request timeout for icmp_seq 1130
Request timeout for icmp_seq 1131
Request timeout for icmp_seq 1132
Request timeout for icmp_seq 1133
Request timeout for icmp_seq 1134
Request timeout for icmp_seq 1135
Request timeout for icmp_seq 1136
Request timeout for icmp_seq 1137
Request timeout for icmp_seq 1138
Request timeout for icmp_seq 1139
Request timeout for icmp_seq 1140
Request timeout for icmp_seq 1141
Request timeout for icmp_seq 1142
Request timeout for icmp_seq 1143
Request timeout for icmp_seq 1144
Request timeout for icmp_seq 1145
Request timeout for icmp_seq 1146
Request timeout for icmp_seq 1147
Request timeout for icmp_seq 1148
Request timeout for icmp_seq 1149
Request timeout for icmp_seq 1150
Request timeout for icmp_seq 1151
Request timeout for icmp_seq 1152
Request timeout for icmp_seq 1153
Request timeout for icmp_seq 1154
Request timeout for icmp_seq 1155
Request timeout for icmp_seq 1156
Request timeout for icmp_seq 1157
Request timeout for icmp_seq 1158
Request timeout for icmp_seq 1159
Request timeout for icmp_seq 1160
Request timeout for icmp_seq 1161
Request timeout for icmp_seq 1162
Request timeout for icmp_seq 1163
Request timeout for icmp_seq 1164
Request timeout for icmp_seq 1165
Request timeout for icmp_seq 1166
Request timeout for icmp_seq 1167
Request timeout for icmp_seq 1168
Request timeout for icmp_seq 1169
Request timeout for icmp_seq 1170
Request timeout for icmp_seq 1171
Request timeout for icmp_seq 1172
Request timeout for icmp_seq 1173
Request timeout for icmp_seq 1174
Request timeout for icmp_seq 1175
Request timeout for icmp_seq 1176
Request timeout for icmp_seq 1177
Request timeout for icmp_seq 1178
Request timeout for icmp_seq 1179
Request timeout for icmp_seq 1180
Request timeout for icmp_seq 1181
Request timeout for icmp_seq 1182
Request timeout for icmp_seq 1183
Request timeout for icmp_seq 1184
Request timeout for icmp_seq 1185
Request timeout for icmp_seq 1186
Request timeout for icmp_seq 1187
Request timeout for icmp_seq 1188
Request timeout for icmp_seq 1189
Request timeout for icmp_seq 1190
Request timeout for icmp_seq 1191
Request timeout for icmp_seq 1192
Request timeout for icmp_seq 1193
Request timeout for icmp_seq 1194
Request timeout for icmp_seq 1195
Request timeout for icmp_seq 1196
Request timeout for icmp_seq 1197
Request timeout for icmp_seq 1198
Request timeout for icmp_seq 1199
Request timeout for icmp_seq 1200
Request timeout for icmp_seq 1201
Request timeout for icmp_seq 1202
Request timeout for icmp_seq 1203
Request timeout for icmp_seq 1204
Request timeout for icmp_seq 1205
Request timeout for icmp_seq 1206
Request timeout for icmp_seq 1207
Request timeout for icmp_seq 1208
Request timeout for icmp_seq 1209
Request timeout for icmp_seq 1210
Request timeout for icmp_seq 1211
Request timeout for icmp_seq 1212
Request timeout for icmp_seq 1213
Request timeout for icmp_seq 1214
Request timeout for icmp_seq 1215
Request timeout for icmp_seq 1216
Request timeout for icmp_seq 1217
Request timeout for icmp_seq 1218
Request timeout for icmp_seq 1219
Request timeout for icmp_seq 1220
Request timeout for icmp_seq 1221
Request timeout for icmp_seq 1222
Request timeout for icmp_seq 1223
Request timeout for icmp_seq 1224
Request timeout for icmp_seq 1225
Request timeout for icmp_seq 1226
Request timeout for icmp_seq 1227
Request timeout for icmp_seq 1228
Request timeout for icmp_seq 1229
Request timeout for icmp_seq 1230
Request timeout for icmp_seq 1231
Request timeout for icmp_seq 1232
Request timeout for icmp_seq 1233
Request timeout for icmp_seq 1234
Request timeout for icmp_seq 1235
Request timeout for icmp_seq 1236
Request timeout for icmp_seq 1237
Request timeout for icmp_seq 1238
Request timeout for icmp_seq 1239
Request timeout for icmp_seq 1240
Request timeout for icmp_seq 1241
Request timeout for icmp_seq 1242
Request timeout for icmp_seq 1243
Request timeout for icmp_seq 1244
Request timeout for icmp_seq 1245
Request timeout for icmp_seq 1246
Request timeout for icmp_seq 1247
Request timeout for icmp_seq 1248
Request timeout for icmp_seq 1249
Request timeout for icmp_seq 1250
Request timeout for icmp_seq 1251
Request timeout for icmp_seq 1252
Request timeout for icmp_seq 1253
Request timeout for icmp_seq 1254
Request timeout for icmp_seq 1255
Request timeout for icmp_seq 1256
Request timeout for icmp_seq 1257
Request timeout for icmp_seq 1258
Request timeout for icmp_seq 1259
Request timeout for icmp_seq 1260
Request timeout for icmp_seq 1261
Request timeout for icmp_seq 1262
Request timeout for icmp_seq 1263
Request timeout for icmp_seq 1264
Request timeout for icmp_seq 1265
Request timeout for icmp_seq 1266
Request timeout for icmp_seq 1267
Request timeout for icmp_seq 1268
Request timeout for icmp_seq 1269
Request timeout for icmp_seq 1270
Request timeout for icmp_seq 1271
Request timeout for icmp_seq 1272
Request timeout for icmp_seq 1273
Request timeout for icmp_seq 1274
Request timeout for icmp_seq 1275
Request timeout for icmp_seq 1276
Request timeout for icmp_seq 1277
Request timeout for icmp_seq 1278
Request timeout for icmp_seq 1279
Request timeout for icmp_seq 1280
Request timeout for icmp_seq 1281
Request timeout for icmp_seq 1282
Request timeout for icmp_seq 1283
Request timeout for icmp_seq 1284
Request timeout for icmp_seq 1285
Request timeout for icmp_seq 1286
Request timeout for icmp_seq 1287
Request timeout for icmp_seq 1288
Request timeout for icmp_seq 1289
Request timeout for icmp_seq 1290
Request timeout for icmp_seq 1291
Request timeout for icmp_seq 1292
Request timeout for icmp_seq 1293
Request timeout for icmp_seq 1294
Request timeout for icmp_seq 1295
Request timeout for icmp_seq 1296
Request timeout for icmp_seq 1297
Request timeout for icmp_seq 1298
Request timeout for icmp_seq 1299
Request timeout for icmp_seq 1300
Request timeout for icmp_seq 1301
Request timeout for icmp_seq 1302
Request timeout for icmp_seq 1303
Request timeout for icmp_seq 1304
Request timeout for icmp_seq 1305
Request timeout for icmp_seq 1306
Request timeout for icmp_seq 1307
Request timeout for icmp_seq 1308
Request timeout for icmp_seq 1309
Request timeout for icmp_seq 1310
Request timeout for icmp_seq 1311
Request timeout for icmp_seq 1312
Request timeout for icmp_seq 1313
Request timeout for icmp_seq 1314
Request timeout for icmp_seq 1315
Request timeout for icmp_seq 1316
Request timeout for icmp_seq 1317
Request timeout for icmp_seq 1318
Request timeout for icmp_seq 1319
Request timeout for icmp_seq 1320
Request timeout for icmp_seq 1321
Request timeout for icmp_seq 1322
Request timeout for icmp_seq 1323
Request timeout for icmp_seq 1324
Request timeout for icmp_seq 1325
Request timeout for icmp_seq 1326
Request timeout for icmp_seq 1327
Request timeout for icmp_seq 1328
Request timeout for icmp_seq 1329
Request timeout for icmp_seq 1330
Request timeout for icmp_seq 1331
Request timeout for icmp_seq 1332
Request timeout for icmp_seq 1333
Request timeout for icmp_seq 1334
Request timeout for icmp_seq 1335
Request timeout for icmp_seq 1336
Request timeout for icmp_seq 1337
Request timeout for icmp_seq 1338
Request timeout for icmp_seq 1339
Request timeout for icmp_seq 1340
Request timeout for icmp_seq 1341
Request timeout for icmp_seq 1342
Request timeout for icmp_seq 1343
Request timeout for icmp_seq 1344
Request timeout for icmp_seq 1345
Request timeout for icmp_seq 1346
Request timeout for icmp_seq 1347
Request timeout for icmp_seq 1348
Request timeout for icmp_seq 1349
Request timeout for icmp_seq 1350
Request timeout for icmp_seq 1351
Request timeout for icmp_seq 1352
Request timeout for icmp_seq 1353
Request timeout for icmp_seq 1354
Request timeout for icmp_seq 1355
Request timeout for icmp_seq 1356
Request timeout for icmp_seq 1357
Request timeout for icmp_seq 1358
Request timeout for icmp_seq 1359
Request timeout for icmp_seq 1360
Request timeout for icmp_seq 1361
Request timeout for icmp_seq 1362
Request timeout for icmp_seq 1363
Request timeout for icmp_seq 1364
Request timeout for icmp_seq 1365
Request timeout for icmp_seq 1366
Request timeout for icmp_seq 1367
Request timeout for icmp_seq 1368
Request timeout for icmp_seq 1369
Request timeout for icmp_seq 1370
Request timeout for icmp_seq 1371
Request timeout for icmp_seq 1372
Request timeout for icmp_seq 1373
Request timeout for icmp_seq 1374
Request timeout for icmp_seq 1375
Request timeout for icmp_seq 1376
Request timeout for icmp_seq 1377
Request timeout for icmp_seq 1378
Request timeout for icmp_seq 1379
Request timeout for icmp_seq 1380
Request timeout for icmp_seq 1381
Request timeout for icmp_seq 1382
Request timeout for icmp_seq 1383
Request timeout for icmp_seq 1384
Request timeout for icmp_seq 1385
Request timeout for icmp_seq 1386
Request timeout for icmp_seq 1387
Request timeout for icmp_seq 1388
Request timeout for icmp_seq 1389
Request timeout for icmp_seq 1390
Request timeout for icmp_seq 1391
Request timeout for icmp_seq 1392
Request timeout for icmp_seq 1393
Request timeout for icmp_seq 1394
Request timeout for icmp_seq 1395
Request timeout for icmp_seq 1396
Request timeout for icmp_seq 1397
Request timeout for icmp_seq 1398
Request timeout for icmp_seq 1399
Request timeout for icmp_seq 1400
Request timeout for icmp_seq 1401
Request timeout for icmp_seq 1402
Request timeout for icmp_seq 1403
Request timeout for icmp_seq 1404
Request timeout for icmp_seq 1405
Request timeout for icmp_seq 1406
Request timeout for icmp_seq 1407
Request timeout for icmp_seq 1408
Request timeout for icmp_seq 1409
Request timeout for icmp_seq 1410
Request timeout for icmp_seq 1411
Request timeout for icmp_seq 1412
Request timeout for icmp_seq 1413
Request timeout for icmp_seq 1414
Request timeout for icmp_seq 1415
Request timeout for icmp_seq 1416
Request timeout for icmp_seq 1417
Request timeout for icmp_seq 1418
Request timeout for icmp_seq 1419
Request timeout for icmp_seq 1420
Request timeout for icmp_seq 1421
Request timeout for icmp_seq 1422
Request timeout for icmp_seq 1423
Request timeout for icmp_seq 1424
Request timeout for icmp_seq 1425
Request timeout for icmp_seq 1426
Request timeout for icmp_seq 1427
Request timeout for icmp_seq 1428
Request timeout for icmp_seq 1429
Request timeout for icmp_seq 1430
Request timeout for icmp_seq 1431
Request timeout for icmp_seq 1432
Request timeout for icmp_seq 1433
Request timeout for icmp_seq 1434
Request timeout for icmp_seq 1435
Request timeout for icmp_seq 1436
Request timeout for icmp_seq 1437
Request timeout for icmp_seq 1438
Request timeout for icmp_seq 1439
Request timeout for icmp_seq 1440
Request timeout for icmp_seq 1441
Request timeout for icmp_seq 1442
Request timeout for icmp_seq 1443
Request timeout for icmp_seq 1444
Request timeout for icmp_seq 1445
Request timeout for icmp_seq 1446
Request timeout for icmp_seq 1447
Request timeout for icmp_seq 1448
Request timeout for icmp_seq 1449
Request timeout for icmp_seq 1450
Request timeout for icmp_seq 1451
Request timeout for icmp_seq 1452
Request timeout for icmp_seq 1453
Request timeout for icmp_seq 1454
Request timeout for icmp_seq 1455
Request timeout for icmp_seq 1456
Request timeout for icmp_seq 1457
Request timeout for icmp_seq 1458
Request timeout for icmp_seq 1459
Request timeout for icmp_seq 1460
Request timeout for icmp_seq 1461
Request timeout for icmp_seq 1462
Request timeout for icmp_seq 1463
Request timeout for icmp_seq 1464
Request timeout for icmp_seq 1465
Request timeout for icmp_seq 1466
Request timeout for icmp_seq 1467
Request timeout for icmp_seq 1468
Request timeout for icmp_seq 1469
Request timeout for icmp_seq 1470
Request timeout for icmp_seq 1471
Request timeout for icmp_seq 1472
Request timeout for icmp_seq 1473
Request timeout for icmp_seq 1474
Request timeout for icmp_seq 1475
Request timeout for icmp_seq 1476
Request timeout for icmp_seq 1477
Request timeout for icmp_seq 1478
Request timeout for icmp_seq 1479
Request timeout for icmp_seq 1480
Request timeout for icmp_seq 1481
Request timeout for icmp_seq 1482
Request timeout for icmp_seq 1483
Request timeout for icmp_seq 1484
Request timeout for icmp_seq 1485
Request timeout for icmp_seq 1486
Request timeout for icmp_seq 1487
Request timeout for icmp_seq 1488
Request timeout for icmp_seq 1489
Request timeout for icmp_seq 1490
Request timeout for icmp_seq 1491
Request timeout for icmp_seq 1492
Request timeout for icmp_seq 1493
Request timeout for icmp_seq 1494
Request timeout for icmp_seq 1495
Request timeout for icmp_seq 1496
Request timeout for icmp_seq 1497
Request timeout for icmp_seq 1498
Request timeout for icmp_seq 1499
Request timeout for icmp_seq 1500
Request timeout for icmp_seq 1501
Request timeout for icmp_seq 1502
Request timeout for icmp_seq 1503
Request timeout for icmp_seq 1504
Request timeout for icmp_seq 1505
Request timeout for icmp_seq 1506
Request timeout for icmp_seq 1507
Request timeout for icmp_seq 1508
Request timeout for icmp_seq 1509
Request timeout for icmp_seq 1510
Request timeout for icmp_seq 1511
Request timeout for icmp_seq 1512
Request timeout for icmp_seq 1513
Request timeout for icmp_seq 1514
Request timeout for icmp_seq 1515
Request timeout for icmp_seq 1516
Request timeout for icmp_seq 1517
Request timeout for icmp_seq 1518
Request timeout for icmp_seq 1519
Request timeout for icmp_seq 1520
Request timeout for icmp_seq 1521
Request timeout for icmp_seq 1522
Request timeout for icmp_seq 1523
Request timeout for icmp_seq 1524
Request timeout for icmp_seq 1525
Request timeout for icmp_seq 1526
Request timeout for icmp_seq 1527
Request timeout for icmp_seq 1528
Request timeout for icmp_seq 1529
Request timeout for icmp_seq 1530
Request timeout for icmp_seq 1531
Request timeout for icmp_seq 1532
Request timeout for icmp_seq 1533
Request timeout for icmp_seq 1534
Request timeout for icmp_seq 1535
Request timeout for icmp_seq 1536
Request timeout for icmp_seq 1537
Request timeout for icmp_seq 1538
Request timeout for icmp_seq 1539
Request timeout for icmp_seq 1540
Request timeout for icmp_seq 1541
Request timeout for icmp_seq 1542
Request timeout for icmp_seq 1543
Request timeout for icmp_seq 1544
Request timeout for icmp_seq 1545
Request timeout for icmp_seq 1546
Request timeout for icmp_seq 1547
Request timeout for icmp_seq 1548
Request timeout for icmp_seq 1549
Request timeout for icmp_seq 1550
